
#####  Color Palette by Color Scheme Designer
#####  Palette URL: http://colorschemedesigner.com/#2m11TvfoTw0w0
#####  Color Space: RGB; 



*** Primary Color:

   var. 1 = #7DB904 = rgb(125,185,4)
   var. 2 = #698B25 = rgb(105,139,37)
   var. 3 = #517801 = rgb(81,120,1)
   var. 4 = #A6DC3B = rgb(166,220,59)
   var. 5 = #B5DC66 = rgb(181,220,102)


#####  Generated by Color Scheme Designer (c) Petr Stanicek 2002-2010

#22
body{margin:0;font-family:"Helvetica Neue",Helvetica,Arial,sans-serif;font-size:13px;line-height:18px;color:#bbbbbb;background-color:#000000;}
#23
a{color:#7db904;text-decoration:none;text-shadow:none;}
#24
a:hover{color:#b5dc66;text-decoration:underline;text-shadow:0px 0px 1px rgba(255, 255, 255, 1);}

#75
h1,h2,h3,h4,h5,h6{margin:0;font-family:inherit;font-weight:bold;color:#dddddd;text-rendering:optimizelegibility;}h1 small,h2 small,h3 small,h4 small,h5 small,h6 small{font-weight:normal;color:#dddddd;}

#97 分割线
hr{margin:18px 0;border:0;border-top:1px solid #333333;border-bottom:1px solid #333333;}

#103
blockquote{background-color:#333333;padding:0 0 0 15px;margin:0 0 18px;border-left:5px solid #a6dc3b;}blockquote p{margin-bottom:0;font-size:14px;font-weight:300;line-height:20px;}

#110
code,pre{padding:0 3px 2px;font-family:Menlo,Monaco,"Courier New",monospace;font-size:12px;color:#dddddd;-webkit-border-radius:3px;-moz-border-radius:3px;border-radius:3px;}
#111
code{padding:2px 4px;color:#ae81ff;);background-color:#222222;border:1px solid #6a6a6a;}
#112 代码块
pre{display:block;padding:8.5px;margin:0 0 9px;font-size:12.025px;line-height:18px;background-color:#333333;border:1px solid #ccc;border:1px solid rgba(0, 0, 0, 0.15);-webkit-border-radius:4px;-moz-border-radius:4px;border-radius:4px;white-space:pre;white-space:pre-wrap;word-break:break-all;word-wrap:break-word;}pre.prettyprint{margin-bottom:18px;}


#386
.well{min-height:20px;padding:10px;margin-bottom:20px;background-color:#333333;border:1px solid #eee;border:1px solid rgba(0, 0, 0, 0.05);-webkit-border-radius:4px;-moz-border-radius:4px;border-radius:4px;-webkit-box-shadow:inset 0 1px 1px rgba(0, 0, 0, 0.05);-moz-box-shadow:inset 0 1px 1px rgba(0, 0, 0, 0.05);box-shadow:inset 0 1px 1px rgba(0, 0, 0, 0.05);}.well blockquote{border-color:#ddd;border-color:rgba(0, 0, 0, 0.15);}

#392 button
.btn{display:inline-block;*display:inline;*zoom:1;padding:4px 10px 4px;margin-bottom:0;font-size:13px;line-height:18px;color:#ffffff;text-align:center;text-shadow:0 1px 1px rgba(255, 255, 255, 0.75);vertical-align:middle;background-color:#000000;background-image:-moz-linear-gradient(top, #111111, #444444);background-image:-ms-linear-gradient(top, #111111, #444444);background-image:-webkit-gradient(linear, 0 0, 0 100%, from(#111111), to(#444444));background-image:-webkit-linear-gradient(top, #111111, #444444);background-image:-o-linear-gradient(top, #111111, #444444);background-image:linear-gradient(top, #111111, #444444);background-repeat:repeat-x;filter:progid:DXImageTransform.Microsoft.gradient(startColorstr='#111111', endColorstr='#444444', GradientType=0);border-color:#555555 #666666 #aaaaaa;border-color:rgba(85, 85, 85, 0.1) rgba(102, 102, 102, 0.1) rgba(170, 170, 170, 0.25);filter:progid:dximagetransform.microsoft.gradient(enabled=false);border:1px solid #555555;border-bottom-color:#aaaaaa;-webkit-border-radius:4px;-moz-border-radius:4px;border-radius:4px;-webkit-box-shadow:inset 0 1px 0 rgba(255, 255, 255, 0.2),0 1px 2px rgba(0, 0, 0, 0.05);-moz-box-shadow:inset 0 1px 0 rgba(255, 255, 255, 0.2),0 1px 2px rgba(0, 0, 0, 0.05);box-shadow:inset 0 1px 0 rgba(255, 255, 255, 0.2),0 1px 2px rgba(0, 0, 0, 0.05);cursor:pointer;*margin-left:.3em;}.btn:hover,.btn:active,.btn.active,.btn.disabled,.btn[disabled]{background-color:#cccccc;}

#395 button hover
.btn:hover{color:#333333;text-decoration:none;background-position:0 -30px;-webkit-transition:background-position 0.1s linear;-moz-transition:background-position 0.1s linear;-ms-transition:background-position 0.1s linear;-o-transition:background-position 0.1s linear;transition:background-position 0.1s linear;}

#397 button active
.btn.active,.btn:active{color:#000000;background-image:none;-webkit-box-shadow:inset 0 2px 4px rgba(0, 0, 0, 0.15),0 1px 2px rgba(0, 0, 0, 0.05);-moz-box-shadow:inset 0 2px 4px rgba(0, 0, 0, 0.15),0 1px 2px rgba(0, 0, 0, 0.05);box-shadow:inset 0 2px 4px rgba(0, 0, 0, 0.15),0 1px 2px rgba(0, 0, 0, 0.05);background-color:#aaaaaa;background-color:#aaaaaa \9;outline:0;}

#457
.nav>li>a:hover{text-decoration:none;background-color:#7db904;color:#ffffff;
-moz-animation:bkgflash 0.5s; /* Firefox */
-webkit-animation:bkgflash 0.5s; /* Safari and Chrome */
-o-animation:bkgflash 0.5s; /* Opera */
}

#522 brand:hover
.navbar{color:#999999;}.navbar .brand:hover{text-decoration:none;-moz-animation:brandflash 2s infinite; /* Firefox */-webkit-animation:brandflash 2s infinite; /* Safari and Chrome */-o-animation:brandflash 2s infinite; /* Opera */}
#523 brand
.navbar .brand{float:left;display:block;padding:8px 20px 12px;margin-left:-20px;font-size:20px;font-weight:200;line-height:1;color:#ffffff;text-shadow:0 0 5px #698b25,0 0 10px #ffffff,0 0 15px #b5dc66,0 0 20px #b5dc66;}

#545 顶部导航 未激活鼠标经过
.navbar .nav>li>a:hover{color:#ffffff;text-decoration:none;}
#546 激活
.navbar .nav .active>a,.navbar .nav .active>a:hover{color:#b5dc66;text-decoration:none;background-color:#000000;-moz-animation:none; /* Firefox */-webkit-animation:none; /* Safari and Chrome */-o-animation:none; /* Opera */}
#547 垂直分割线
.navbar .divider-vertical{height:40px;width:1px;margin:0 9px;overflow:hidden;background-color:#222222;border-right:1px solid #666666;}


#626
.label{padding:1px 4px 2px;font-size:10.998px;font-weight:bold;line-height:13px;color:#000000;vertical-align:middle;white-space:nowrap;text-shadow:0 -1px 0 rgba(0, 0, 0, 0.25);background-color:#aaaaaa;-webkit-border-radius:4px;-moz-border-radius:4px;border-radius:4px;}
#627
.label:hover{background-color:#dddddd;text-decoration:none;}

@keyframes bkgflash
{
0%   {background-color:#333333;}
100% {background-color:#7db904;}
}

@-moz-keyframes bkgflash /* Firefox */
{
0%   {background-color:#333333;}
100% {background-color:#7db904;}
}

@-webkit-keyframes bkgflash /* Safari and Chrome */
{
0%   {background-color:#333333;}
100% {background-color:#7db904;}
}

@-o-keyframes bkgflash /* Opera */
{
0%   {background-color:#333333;}
100% {background-color:#7db904;}
}

@keyframes brandflash
{
0%   {color:#ffffff;}
50%  {color:#b5dc66;}
100% {color:#ffffff;}
}

@-moz-keyframes brandflash /* Firefox */
{
0%   {color:#ffffff;}
50%  {color:#b5dc66;}
100% {color:#ffffff;}
}

@-webkit-keyframes brandflash /* Safari and Chrome */
{
0%   {color:#ffffff;}
50%  {color:#b5dc66;}
100% {color:#ffffff;}
}

@-o-keyframes brandflash /* Opera */
{
0%   {color:#ffffff;}
50%  {color:#b5dc66;}
100% {color:#ffffff;}
}